Flow report for MicrophoneArray
Fri Dec 01 16:35:52 2017
Quartus Prime Version 16.1.0 Build 196 10/24/2016 SJ Lite Edition


---------------------
; Table of Contents ;
---------------------
  1. Legal Notice
  2. Flow Summary
  3. Flow Settings
  4. Flow Non-Default Global Settings
  5. Flow Elapsed Time
  6. Flow OS Summary
  7. Flow Log
  8. Flow Messages
  9. Flow Suppressed Messages



----------------
; Legal Notice ;
----------------
Copyright (C) 2016  Intel Corporation. All rights reserved.
Your use of Intel Corporation's design tools, logic functions 
and other software and tools, and its AMPP partner logic 
functions, and any output files from any of the foregoing 
(including device programming or simulation files), and any 
associated documentation or information are expressly subject 
to the terms and conditions of the Intel Program License 
Subscription Agreement, the Intel Quartus Prime License Agreement,
the Intel MegaCore Function License Agreement, or other 
applicable license agreement, including, without limitation, 
that your use is for the sole purpose of programming logic 
devices manufactured by Intel and sold by Intel or its 
authorized distributors.  Please refer to the applicable 
agreement for further details.



+-------------------------------------------------------------------------------+
; Flow Summary                                                                  ;
+---------------------------------+---------------------------------------------+
; Flow Status                     ; Successful - Fri Dec 01 16:35:52 2017       ;
; Quartus Prime Version           ; 16.1.0 Build 196 10/24/2016 SJ Lite Edition ;
; Revision Name                   ; MicrophoneArray                             ;
; Top-level Entity Name           ; GPIO_Interface                              ;
; Family                          ; Cyclone V                                   ;
; Device                          ; 5CSEMA5F31C6                                ;
; Timing Models                   ; Final                                       ;
; Logic utilization (in ALMs)     ; 1 / 32,070 ( < 1 % )                        ;
; Total registers                 ; 0                                           ;
; Total pins                      ; 8 / 457 ( 2 % )                             ;
; Total virtual pins              ; 0                                           ;
; Total block memory bits         ; 0 / 4,065,280 ( 0 % )                       ;
; Total DSP Blocks                ; 0 / 87 ( 0 % )                              ;
; Total HSSI RX PCSs              ; 0                                           ;
; Total HSSI PMA RX Deserializers ; 0                                           ;
; Total HSSI TX PCSs              ; 0                                           ;
; Total HSSI PMA TX Serializers   ; 0                                           ;
; Total PLLs                      ; 0 / 6 ( 0 % )                               ;
; Total DLLs                      ; 0 / 4 ( 0 % )                               ;
+---------------------------------+---------------------------------------------+


+-----------------------------------------+
; Flow Settings                           ;
+-------------------+---------------------+
; Option            ; Setting             ;
+-------------------+---------------------+
; Start date & time ; 12/01/2017 16:35:00 ;
; Main task         ; Compilation         ;
; Revision Name     ; MicrophoneArray     ;
+-------------------+---------------------+


+----------------------------------------------------------------------------------------------------------------------------------+
; Flow Non-Default Global Settings                                                                                                 ;
+-------------------------------------+----------------------------------------+-----------------+----------------+----------------+
; Assignment Name                     ; Value                                  ; Default Value   ; Entity Name    ; Section Id     ;
+-------------------------------------+----------------------------------------+-----------------+----------------+----------------+
; COMPILER_SIGNATURE_ID               ; 1099339083557.151216770010536          ; --              ; --             ; --             ;
; EDA_OUTPUT_DATA_FORMAT              ; Systemverilog Hdl                      ; --              ; --             ; eda_simulation ;
; EDA_SIMULATION_TOOL                 ; ModelSim-Altera (SystemVerilog)        ; <None>          ; --             ; --             ;
; MAX_CORE_JUNCTION_TEMP              ; 85                                     ; --              ; --             ; --             ;
; MIN_CORE_JUNCTION_TEMP              ; 0                                      ; --              ; --             ; --             ;
; PARTITION_COLOR                     ; -- (Not supported for targeted family) ; --              ; GPIO_Interface ; Top            ;
; PARTITION_FITTER_PRESERVATION_LEVEL ; -- (Not supported for targeted family) ; --              ; GPIO_Interface ; Top            ;
; PARTITION_NETLIST_TYPE              ; -- (Not supported for targeted family) ; --              ; GPIO_Interface ; Top            ;
; POWER_BOARD_THERMAL_MODEL           ; None (CONSERVATIVE)                    ; --              ; --             ; --             ;
; POWER_PRESET_COOLING_SOLUTION       ; 23 MM HEAT SINK WITH 200 LFPM AIRFLOW  ; --              ; --             ; --             ;
; PROJECT_OUTPUT_DIRECTORY            ; output_files                           ; --              ; --             ; --             ;
; TOP_LEVEL_ENTITY                    ; GPIO_Interface                         ; MicrophoneArray ; --             ; --             ;
+-------------------------------------+----------------------------------------+-----------------+----------------+----------------+


+-------------------------------------------------------------------------------------------------------------------------------+
; Flow Elapsed Time                                                                                                             ;
+---------------------------+--------------+-------------------------+---------------------+------------------------------------+
; Module Name               ; Elapsed Time ; Average Processors Used ; Peak Virtual Memory ; Total CPU Time (on all processors) ;
+---------------------------+--------------+-------------------------+---------------------+------------------------------------+
; Analysis & Synthesis      ; 00:00:09     ; 1.0                     ; 640 MB              ; 00:00:23                           ;
; Fitter                    ; 00:00:28     ; 1.0                     ; 2292 MB             ; 00:00:51                           ;
; Assembler                 ; 00:00:05     ; 1.0                     ; 687 MB              ; 00:00:06                           ;
; TimeQuest Timing Analyzer ; 00:00:04     ; 1.0                     ; 949 MB              ; 00:00:04                           ;
; EDA Netlist Writer        ; 00:00:01     ; 1.0                     ; 586 MB              ; 00:00:01                           ;
; Total                     ; 00:00:47     ; --                      ; --                  ; 00:01:25                           ;
+---------------------------+--------------+-------------------------+---------------------+------------------------------------+


+----------------------------------------------------------------------------------------+
; Flow OS Summary                                                                        ;
+---------------------------+------------------+-----------+------------+----------------+
; Module Name               ; Machine Hostname ; OS Name   ; OS Version ; Processor type ;
+---------------------------+------------------+-----------+------------+----------------+
; Analysis & Synthesis      ; csp-74           ; Windows 7 ; 6.1        ; x86_64         ;
; Fitter                    ; csp-74           ; Windows 7 ; 6.1        ; x86_64         ;
; Assembler                 ; csp-74           ; Windows 7 ; 6.1        ; x86_64         ;
; TimeQuest Timing Analyzer ; csp-74           ; Windows 7 ; 6.1        ; x86_64         ;
; EDA Netlist Writer        ; csp-74           ; Windows 7 ; 6.1        ; x86_64         ;
+---------------------------+------------------+-----------+------------+----------------+


------------
; Flow Log ;
------------
quartus_map --read_settings_files=on --write_settings_files=off MicrophoneArray -c MicrophoneArray
quartus_fit --read_settings_files=off --write_settings_files=off MicrophoneArray -c MicrophoneArray
quartus_asm --read_settings_files=off --write_settings_files=off MicrophoneArray -c MicrophoneArray
quartus_sta MicrophoneArray -c MicrophoneArray
quartus_eda --read_settings_files=off --write_settings_files=off MicrophoneArray -c MicrophoneArray



